Running: D:\Xinlinx_ISE\14.4\ISE_DS\ISE\bin\nt64\unwrapped\fuse.exe -intstyle ise -incremental -lib unisims_ver -lib unimacro_ver -lib xilinxcorelib_ver -o C:/Users/lee/Desktop/Cache/test_isim_beh.exe -prj C:/Users/lee/Desktop/Cache/test_beh.prj work.test work.glbl 
ISim P.49d (signature 0x7708f090)
Number of CPUs detected in this system: 4
Turning on mult-threading, number of parallel sub-compilation jobs: 8 
Determining compilation order of HDL files
Analyzing Verilog file "C:/Users/lee/Desktop/Cache/RAM.v" into library work
Analyzing Verilog file "C:/Users/lee/Desktop/Cache/Cache.v" into library work
Analyzing Verilog file "C:/Users/lee/Desktop/Cache/Top.v" into library work
Analyzing Verilog file "C:/Users/lee/Desktop/Cache/test.v" into library work
Analyzing Verilog file "D:/Xinlinx_ISE/14.4/ISE_DS/ISE//verilog/src/glbl.v" into library work
Starting static elaboration
Completed static elaboration
Compiling module RAM
Compiling module Cache
Compiling module Top
Compiling module test
Compiling module glbl
Time Resolution for simulation is 1ps.
Waiting for 1 sub-compilation(s) to finish...
Compiled 5 Verilog Units
Built simulation executable C:/Users/lee/Desktop/Cache/test_isim_beh.exe
Fuse Memory Usage: 28264 KB
Fuse CPU Usage: 437 ms
