ISim log file
Running: C:\Users\lee\Desktop\Cache\test_isim_beh.exe -intstyle ise -gui -tclbatch isim.cmd -wdb C:/Users/lee/Desktop/Cache/test_isim_beh.wdb 
ISim P.49d (signature 0x7708f090)
This is a Full version of ISim.
Time resolution is 1 ps
# onerror resume
# wave add /
# run 500ns
Simulator is doing circuit initialization process.
Finished circuit initialization process.
# restart
# run 0.02us
Simulator is doing circuit initialization process.
Finished circuit initialization process.
# run 0.02us
# run 0.02us
# restart
# run 0.02us
Simulator is doing circuit initialization process.
Finished circuit initialization process.
# run 0.02us
# run 0.02us
# run 0.02us
# run 0.02us
# run 0.02us
# run 0.02us
# run 0.02us
# run 0.02us
# run 0.02us
# run 0.02us
# run 0.02us
# run 0.02us
# run 0.02us
# run 0.02us
# run 0.02us
# run 0.02us
# run 0.02us
# run 0.02us
# run 0.02us
# run 0.02us
# run 0.02us
# run 0.02us
# run 0.02us
# run 0.02us
# run 0.02us
